2026-03-06 13:58:54.822845: I tensorflow/core/platform/cpu_feature_guard.cc:210] This TensorFlow binary is optimized to use available CPU instructions in performance-critical operations.
To enable the following instructions: AVX2 FMA, in other operations, rebuild TensorFlow with the appropriate compiler flags.
/opt/fl-project/SecureBlockchainIntegrated_FL/venv/lib/python3.12/site-packages/keras/src/layers/core/dense.py:106: UserWarning: Do not pass an `input_shape`/`input_dim` argument to a layer. When using Sequential models, prefer using an `Input(shape)` object as the first layer in the model instead.
  super().__init__(activity_regularizer=activity_regularizer, **kwargs)
2026-03-06 13:59:10.625917: E external/local_xla/xla/stream_executor/cuda/cuda_platform.cc:51] failed call to cuInit: INTERNAL: CUDA error: Failed call to cuInit: CUDA_ERROR_NO_DEVICE: no CUDA-capable device is detected
2026-03-06 13:59:10.626021: I external/local_xla/xla/stream_executor/cuda/cuda_diagnostics.cc:160] env: CUDA_VISIBLE_DEVICES="-1"
2026-03-06 13:59:10.626043: I external/local_xla/xla/stream_executor/cuda/cuda_diagnostics.cc:163] CUDA_VISIBLE_DEVICES is set to -1 - this hides all GPUs from CUDA
2026-03-06 13:59:10.626058: I external/local_xla/xla/stream_executor/cuda/cuda_diagnostics.cc:171] verbose logging is disabled. Rerun with verbose logging (usually --v=1 or --vmodule=cuda_diagnostics=1) to get more diagnostic output from this module
2026-03-06 13:59:10.626071: I external/local_xla/xla/stream_executor/cuda/cuda_diagnostics.cc:176] retrieving CUDA diagnostic information for host: darkmatter
2026-03-06 13:59:10.626083: I external/local_xla/xla/stream_executor/cuda/cuda_diagnostics.cc:183] hostname: darkmatter
2026-03-06 13:59:10.626356: I external/local_xla/xla/stream_executor/cuda/cuda_diagnostics.cc:190] libcuda reported version is: 580.126.9
2026-03-06 13:59:10.626414: I external/local_xla/xla/stream_executor/cuda/cuda_diagnostics.cc:194] kernel reported version is: 580.126.9
2026-03-06 13:59:10.626428: I external/local_xla/xla/stream_executor/cuda/cuda_diagnostics.cc:284] kernel version seems to match DSO: 580.126.9
[93mWARNING [0m:   DEPRECATED FEATURE: flwr.client.start_numpy_client() is deprecated. 
	Instead, use `flwr.client.start_client()` by ensuring you first call the `.to_client()` method as shown below: 
	flwr.client.start_client(
		server_address='<IP>:<PORT>',
		client=FlowerClient().to_client(), # <-- where FlowerClient is of type flwr.client.NumPyClient object
	)
	Using `start_numpy_client()` is deprecated.

            This is a deprecated feature. It will be removed
            entirely in future versions of Flower.
        
[93mWARNING [0m:   DEPRECATED FEATURE: flwr.client.start_client() is deprecated.
	Instead, use the `flower-supernode` CLI command to start a SuperNode as shown below:

		$ flower-supernode --insecure --superlink='<IP>:<PORT>'

	To view all available options, run:

		$ flower-supernode --help

	Using `start_client()` is deprecated.

            This is a deprecated feature. It will be removed
            entirely in future versions of Flower.
        
[92mINFO [0m:      
[92mINFO [0m:      Received: train message 75582064-4a41-4227-b40a-6805c032e020
[92mINFO [0m:      Sent reply
Starting Client 4...
[Client 4] Train: 4752, Test: 1188
Connected to blockchain: http://127.0.0.1:7545
Contract at: 0x5902A70bc986A463BA17fec0EF54F8898d8A86d2
Available accounts: 25
Registration check error: Could not transact with/call contract function, is contract deployed correctly and chain synced?
[Client 4] Registered on blockchain
[Client 4] Tier 3: Constrained Sensor Node
  Epochs: 1, Batch: 64, Data fraction: 0.4, LR: 0.0005
  Dropout probability: 0.25
  Training samples: 4752, Test samples: 1188
[Client 4] DROPOUT — simulating connection failure (Tier 3, p=0.25)
Traceback (most recent call last):
  File "/opt/fl-project/SecureBlockchainIntegrated_FL/client.py", line 206, in <module>
    start_client(client_id=client_id, num_clients=num_clients,
  File "/opt/fl-project/SecureBlockchainIntegrated_FL/client.py", line 188, in start_client
    fl.client.start_numpy_client(
  File "/opt/fl-project/SecureBlockchainIntegrated_FL/venv/lib/python3.12/site-packages/flwr/compat/client/app.py", line 622, in start_numpy_client
    start_client(
  File "/opt/fl-project/SecureBlockchainIntegrated_FL/venv/lib/python3.12/site-packages/flwr/compat/client/app.py", line 181, in start_client
    start_client_internal(
  File "/opt/fl-project/SecureBlockchainIntegrated_FL/venv/lib/python3.12/site-packages/flwr/compat/client/app.py", line 392, in start_client_internal
    message = receive()
              ^^^^^^^^^
  File "/opt/fl-project/SecureBlockchainIntegrated_FL/venv/lib/python3.12/site-packages/flwr/compat/client/grpc_client/connection.py", line 143, in receive
    proto = next(server_message_iterator)
            ^^^^^^^^^^^^^^^^^^^^^^^^^^^^^
  File "/opt/fl-project/SecureBlockchainIntegrated_FL/venv/lib/python3.12/site-packages/grpc/_channel.py", line 538, in __next__
    return self._next()
           ^^^^^^^^^^^^
  File "/opt/fl-project/SecureBlockchainIntegrated_FL/venv/lib/python3.12/site-packages/grpc/_channel.py", line 939, in _next
    raise self
grpc._channel._MultiThreadedRendezvous: <_MultiThreadedRendezvous of RPC that terminated with:
	status = StatusCode.DEADLINE_EXCEEDED
	details = "Timeout of 45sec was exceeded."
	debug_error_string = "UNKNOWN:Error received from peer ipv4:127.0.0.1:9090 {grpc_message:"Timeout of 45sec was exceeded.", grpc_status:4}"
>
